2025-10-06 14:57:20,408 - espn_client - INFO - Initializing ESPNClient
2025-10-06 14:57:20,409 - espn_client - INFO - Connecting to ESPN Fantasy League 9490871 for season 2026
2025-10-06 14:57:22,797 - espn_client - INFO - Successfully initialized ESPNClient
2025-10-06 14:57:27,838 - espn_client - INFO - Initializing ESPNClient
2025-10-06 14:57:27,839 - espn_client - INFO - Connecting to ESPN Fantasy League 9490871 for season 2026
2025-10-06 14:57:29,706 - espn_client - INFO - Successfully initialized ESPNClient
2025-10-06 14:58:17,120 - espn_client - INFO - Initializing ESPNClient
2025-10-06 14:58:17,121 - espn_client - INFO - Connecting to ESPN Fantasy League 9490871 for season 2026
2025-10-06 14:58:19,666 - espn_client - INFO - Successfully initialized ESPNClient
2025-10-06 14:58:41,385 - espn_client - INFO - Fetching league information
2025-10-06 14:58:41,386 - espn_client - ERROR - Error getting league info: 'BaseSettings' object has no attribute 'get'
2025-10-06 14:58:41,889 - espn_client - INFO - Fetching league standings
2025-10-06 14:58:41,889 - espn_client - INFO - Successfully retrieved standings for 12 teams
2025-10-06 14:58:41,914 - espn_client - INFO - Fetching league standings
2025-10-06 14:58:41,914 - espn_client - INFO - Successfully retrieved standings for 12 teams
2025-10-06 14:58:41,935 - espn_client - INFO - Fetching league standings
2025-10-06 14:58:41,935 - espn_client - INFO - Successfully retrieved standings for 12 teams
2025-10-06 14:58:41,956 - espn_client - INFO - Fetching league standings
2025-10-06 14:58:41,956 - espn_client - INFO - Successfully retrieved standings for 12 teams
2025-10-06 14:58:45,751 - espn_client - INFO - Fetching recent activity (size=10, type=None)
2025-10-06 14:58:46,108 - espn_client - ERROR - Error getting recent activity: ESPN returned an HTTP 400
2025-10-06 14:58:46,129 - espn_client - INFO - Fetching recent activity (size=10, type=None)
2025-10-06 14:58:46,435 - espn_client - ERROR - Error getting recent activity: ESPN returned an HTTP 400
2025-10-06 14:58:46,454 - espn_client - INFO - Fetching recent activity (size=10, type=None)
2025-10-06 14:58:46,768 - espn_client - ERROR - Error getting recent activity: ESPN returned an HTTP 400
2025-10-06 14:58:46,792 - espn_client - INFO - Fetching recent activity (size=10, type=None)
2025-10-06 14:58:47,215 - espn_client - ERROR - Error getting recent activity: ESPN returned an HTTP 400
2025-10-06 15:00:06,305 - espn_client - INFO - Initializing ESPNClient
2025-10-06 15:00:06,306 - espn_client - INFO - Connecting to ESPN Fantasy League 9490871 for season 2026
2025-10-06 15:00:08,802 - espn_client - INFO - Successfully initialized ESPNClient
2025-10-06 15:00:11,990 - espn_client - INFO - Initializing ESPNClient
2025-10-06 15:00:11,991 - espn_client - INFO - Connecting to ESPN Fantasy League 9490871 for season 2026
2025-10-06 15:00:13,978 - espn_client - INFO - Successfully initialized ESPNClient
2025-10-06 15:05:16,726 - espn_client - INFO - Initializing ESPNClient
2025-10-06 15:05:16,727 - espn_client - INFO - Connecting to ESPN Fantasy League 9490871 for season 2026
2025-10-06 15:05:19,867 - espn_client - INFO - Successfully initialized ESPNClient
2025-10-06 15:05:19,975 - espn_client - INFO - Fetching league information
2025-10-06 15:05:19,975 - espn_client - ERROR - Error getting league info: 'BaseSettings' object has no attribute 'get'
2025-10-06 15:05:20,015 - espn_client - INFO - Fetching league standings
2025-10-06 15:05:20,016 - espn_client - INFO - Successfully retrieved standings for 12 teams
2025-10-06 15:05:20,053 - espn_client - INFO - Fetching league standings
2025-10-06 15:05:20,054 - espn_client - INFO - Successfully retrieved standings for 12 teams
2025-10-06 15:05:20,086 - espn_client - INFO - Fetching league standings
2025-10-06 15:05:20,087 - espn_client - INFO - Successfully retrieved standings for 12 teams
2025-10-06 15:05:20,117 - espn_client - INFO - Fetching league standings
2025-10-06 15:05:20,117 - espn_client - INFO - Successfully retrieved standings for 12 teams
2025-10-06 15:05:20,286 - espn_client - INFO - Fetching team information for team ID 1
2025-10-06 15:05:20,286 - espn_client - INFO - Successfully retrieved team information for Los Angeles Lakers
2025-10-06 15:05:20,325 - espn_client - INFO - Fetching team information for team ID 1
2025-10-06 15:05:20,326 - espn_client - INFO - Successfully retrieved team information for Los Angeles Lakers
2025-10-06 15:05:20,352 - espn_client - INFO - Fetching team information for team ID 1
2025-10-06 15:05:20,352 - espn_client - INFO - Successfully retrieved team information for Los Angeles Lakers
2025-10-06 15:05:23,635 - espn_client - INFO - Fetching recent activity (size=10, type=None)
2025-10-06 15:05:24,259 - espn_client - ERROR - ESPN returned an HTTP 400 error. Check your credentials and permissions.
2025-10-06 15:05:24,312 - espn_client - INFO - Fetching recent activity (size=10, type=None)
2025-10-06 15:05:24,657 - espn_client - ERROR - ESPN returned an HTTP 400 error. Check your credentials and permissions.
2025-10-06 15:05:24,676 - espn_client - INFO - Fetching recent activity (size=10, type=None)
2025-10-06 15:05:25,037 - espn_client - ERROR - ESPN returned an HTTP 400 error. Check your credentials and permissions.
2025-10-06 15:05:25,103 - espn_client - INFO - Fetching recent activity (size=10, type=None)
2025-10-06 15:05:25,480 - espn_client - ERROR - ESPN returned an HTTP 400 error. Check your credentials and permissions.
2025-10-06 15:05:56,374 - espn_client - INFO - Initializing ESPNClient
2025-10-06 15:05:56,375 - espn_client - INFO - Connecting to ESPN Fantasy League 9490871 for season 2026
2025-10-06 15:05:58,594 - espn_client - INFO - Successfully initialized ESPNClient
2025-10-06 15:06:00,565 - espn_client - INFO - Initializing ESPNClient
2025-10-06 15:06:00,566 - espn_client - INFO - Connecting to ESPN Fantasy League 9490871 for season 2026
2025-10-06 15:06:02,236 - espn_client - INFO - Successfully initialized ESPNClient
2025-10-06 15:07:02,305 - espn_client - INFO - Fetching league information
2025-10-06 15:07:02,306 - espn_client - ERROR - Error getting league info: 'BaseSettings' object has no attribute 'get'
2025-10-06 15:07:02,327 - espn_client - INFO - Fetching league standings
2025-10-06 15:07:02,327 - espn_client - INFO - Successfully retrieved standings for 12 teams
2025-10-06 15:07:02,348 - espn_client - INFO - Fetching league standings
2025-10-06 15:07:02,348 - espn_client - INFO - Successfully retrieved standings for 12 teams
2025-10-06 15:07:02,369 - espn_client - INFO - Fetching league standings
2025-10-06 15:07:02,369 - espn_client - INFO - Successfully retrieved standings for 12 teams
2025-10-06 15:07:02,390 - espn_client - INFO - Fetching league standings
2025-10-06 15:07:02,390 - espn_client - INFO - Successfully retrieved standings for 12 teams
2025-10-06 15:07:02,504 - espn_client - INFO - Fetching team information for team ID 1
2025-10-06 15:07:02,504 - espn_client - ERROR - Error getting team info: 'Team' object is not subscriptable
2025-10-06 15:07:02,528 - espn_client - INFO - Fetching team information for team ID 1
2025-10-06 15:07:02,528 - espn_client - ERROR - Error getting team info: 'Team' object is not subscriptable
2025-10-06 15:07:02,552 - espn_client - INFO - Fetching team information for team ID 1
2025-10-06 15:07:02,552 - espn_client - ERROR - Error getting team info: 'Team' object is not subscriptable
2025-10-06 15:07:05,906 - espn_client - INFO - Fetching recent activity (size=10, type=None)
2025-10-06 15:07:06,401 - espn_client - ERROR - ESPN returned an HTTP 400 error. Check your credentials and permissions.
2025-10-06 15:07:06,424 - espn_client - INFO - Fetching recent activity (size=10, type=None)
2025-10-06 15:07:06,965 - espn_client - ERROR - ESPN returned an HTTP 400 error. Check your credentials and permissions.
2025-10-06 15:07:06,989 - espn_client - INFO - Fetching recent activity (size=10, type=None)
2025-10-06 15:07:07,478 - espn_client - ERROR - ESPN returned an HTTP 400 error. Check your credentials and permissions.
2025-10-06 15:07:07,497 - espn_client - INFO - Fetching recent activity (size=10, type=None)
2025-10-06 15:07:07,823 - espn_client - ERROR - ESPN returned an HTTP 400 error. Check your credentials and permissions.
2025-10-06 15:07:39,015 - espn_client - INFO - Initializing ESPNClient
2025-10-06 15:07:39,016 - espn_client - INFO - Connecting to ESPN Fantasy League 9490871 for season 2026
2025-10-06 15:07:41,196 - espn_client - INFO - Successfully initialized ESPNClient
2025-10-06 15:07:43,456 - espn_client - INFO - Initializing ESPNClient
2025-10-06 15:07:43,456 - espn_client - INFO - Connecting to ESPN Fantasy League 9490871 for season 2026
2025-10-06 15:07:45,255 - espn_client - INFO - Successfully initialized ESPNClient
2025-10-06 15:07:45,342 - espn_client - INFO - Fetching league information
2025-10-06 15:07:45,342 - espn_client - ERROR - Error getting league info: 'BaseSettings' object has no attribute 'get'
2025-10-06 15:07:45,362 - espn_client - INFO - Fetching league standings
2025-10-06 15:07:45,362 - espn_client - INFO - Successfully retrieved standings for 12 teams
2025-10-06 15:07:45,384 - espn_client - INFO - Fetching league standings
2025-10-06 15:07:45,384 - espn_client - INFO - Successfully retrieved standings for 12 teams
2025-10-06 15:07:45,405 - espn_client - INFO - Fetching league standings
2025-10-06 15:07:45,405 - espn_client - INFO - Successfully retrieved standings for 12 teams
2025-10-06 15:07:45,425 - espn_client - INFO - Fetching league standings
2025-10-06 15:07:45,425 - espn_client - INFO - Successfully retrieved standings for 12 teams
2025-10-06 15:07:45,526 - espn_client - INFO - Fetching team information for team ID 1
2025-10-06 15:07:45,526 - espn_client - INFO - Successfully retrieved team information for Los Angeles Lakers
2025-10-06 15:07:45,545 - espn_client - INFO - Fetching team information for team ID 1
2025-10-06 15:07:45,545 - espn_client - INFO - Successfully retrieved team information for Los Angeles Lakers
2025-10-06 15:07:45,564 - espn_client - INFO - Fetching team information for team ID 1
2025-10-06 15:07:45,564 - espn_client - INFO - Successfully retrieved team information for Los Angeles Lakers
2025-10-06 15:07:48,293 - espn_client - INFO - Fetching recent activity (size=10, type=None)
2025-10-06 15:07:48,964 - espn_client - ERROR - ESPN returned an HTTP 400 error. Check your credentials and permissions.
2025-10-06 15:07:48,985 - espn_client - INFO - Fetching recent activity (size=10, type=None)
2025-10-06 15:07:49,342 - espn_client - ERROR - ESPN returned an HTTP 400 error. Check your credentials and permissions.
2025-10-06 15:07:49,361 - espn_client - INFO - Fetching recent activity (size=10, type=None)
2025-10-06 15:07:49,680 - espn_client - ERROR - ESPN returned an HTTP 400 error. Check your credentials and permissions.
2025-10-06 15:07:49,703 - espn_client - INFO - Fetching recent activity (size=10, type=None)
2025-10-06 15:07:50,039 - espn_client - ERROR - ESPN returned an HTTP 400 error. Check your credentials and permissions.
2025-10-06 15:08:31,661 - espn_client - INFO - Initializing ESPNClient
2025-10-06 15:08:31,661 - espn_client - INFO - Connecting to ESPN Fantasy League 9490871 for season 2026
2025-10-06 15:08:33,814 - espn_client - INFO - Successfully initialized ESPNClient
2025-10-06 15:08:39,390 - espn_client - INFO - Initializing ESPNClient
2025-10-06 15:08:39,391 - espn_client - INFO - Connecting to ESPN Fantasy League 9490871 for season 2026
2025-10-06 15:08:41,198 - espn_client - INFO - Successfully initialized ESPNClient
2025-10-06 15:10:16,352 - espn_client - INFO - Fetching league information
2025-10-06 15:10:16,353 - espn_client - ERROR - Error getting league info: 'BaseSettings' object has no attribute 'get'
2025-10-06 15:10:16,378 - espn_client - INFO - Fetching league standings
2025-10-06 15:10:16,379 - espn_client - INFO - Successfully retrieved standings for 12 teams
2025-10-06 15:10:16,407 - espn_client - INFO - Fetching league standings
2025-10-06 15:10:16,407 - espn_client - INFO - Successfully retrieved standings for 12 teams
2025-10-06 15:10:16,427 - espn_client - INFO - Fetching league standings
2025-10-06 15:10:16,427 - espn_client - INFO - Successfully retrieved standings for 12 teams
2025-10-06 15:10:16,449 - espn_client - INFO - Fetching league standings
2025-10-06 15:10:16,449 - espn_client - INFO - Successfully retrieved standings for 12 teams
2025-10-06 15:10:16,559 - espn_client - INFO - Fetching team information for team ID 1
2025-10-06 15:10:16,559 - espn_client - INFO - Successfully retrieved team information for Los Angeles Lakers
2025-10-06 15:10:16,579 - espn_client - INFO - Fetching team information for team ID 1
2025-10-06 15:10:16,579 - espn_client - INFO - Successfully retrieved team information for Los Angeles Lakers
2025-10-06 15:10:16,604 - espn_client - INFO - Fetching team information for team ID 1
2025-10-06 15:10:16,605 - espn_client - INFO - Successfully retrieved team information for Los Angeles Lakers
2025-10-06 15:10:19,514 - espn_client - INFO - Fetching recent activity (size=10, type=None)
2025-10-06 15:10:19,870 - espn_client - ERROR - ESPN returned an HTTP 400 error. Check your credentials and permissions.
2025-10-06 15:10:19,889 - espn_client - INFO - Fetching recent activity (size=10, type=None)
2025-10-06 15:10:20,255 - espn_client - ERROR - ESPN returned an HTTP 400 error. Check your credentials and permissions.
2025-10-06 15:10:20,305 - espn_client - INFO - Fetching recent activity (size=10, type=None)
2025-10-06 15:10:20,667 - espn_client - ERROR - ESPN returned an HTTP 400 error. Check your credentials and permissions.
2025-10-06 15:10:20,686 - espn_client - INFO - Fetching recent activity (size=10, type=None)
2025-10-06 15:10:21,060 - espn_client - ERROR - ESPN returned an HTTP 400 error. Check your credentials and permissions.
2025-10-06 15:10:57,892 - espn_client - INFO - Initializing ESPNClient
2025-10-06 15:10:57,892 - espn_client - INFO - Connecting to ESPN Fantasy League 9490871 for season 2026
2025-10-06 15:11:00,849 - espn_client - INFO - Successfully initialized ESPNClient
2025-10-06 15:11:04,954 - espn_client - INFO - Initializing ESPNClient
2025-10-06 15:11:04,954 - espn_client - INFO - Connecting to ESPN Fantasy League 9490871 for season 2026
2025-10-06 15:11:06,803 - espn_client - INFO - Successfully initialized ESPNClient
2025-10-06 15:11:11,235 - espn_client - INFO - Fetching league information
2025-10-06 15:11:11,235 - espn_client - ERROR - Error getting league info: 'BaseSettings' object has no attribute 'get'
2025-10-06 15:11:11,257 - espn_client - INFO - Fetching league standings
2025-10-06 15:11:11,257 - espn_client - INFO - Successfully retrieved standings for 12 teams
2025-10-06 15:11:11,279 - espn_client - INFO - Fetching league standings
2025-10-06 15:11:11,279 - espn_client - INFO - Successfully retrieved standings for 12 teams
2025-10-06 15:11:11,304 - espn_client - INFO - Fetching league standings
2025-10-06 15:11:11,305 - espn_client - INFO - Successfully retrieved standings for 12 teams
2025-10-06 15:11:11,330 - espn_client - INFO - Fetching league standings
2025-10-06 15:11:11,330 - espn_client - INFO - Successfully retrieved standings for 12 teams
2025-10-06 15:11:11,431 - espn_client - INFO - Fetching team information for team ID 1
2025-10-06 15:11:11,431 - espn_client - INFO - Successfully retrieved team information for Los Angeles Lakers
2025-10-06 15:11:11,450 - espn_client - INFO - Fetching team information for team ID 1
2025-10-06 15:11:11,450 - espn_client - INFO - Successfully retrieved team information for Los Angeles Lakers
2025-10-06 15:11:11,468 - espn_client - INFO - Fetching team information for team ID 1
2025-10-06 15:11:11,468 - espn_client - INFO - Successfully retrieved team information for Los Angeles Lakers
2025-10-06 15:11:14,774 - espn_client - INFO - Fetching recent activity (size=10, type=None)
2025-10-06 15:11:15,236 - espn_client - ERROR - ESPN returned an HTTP 400 error. Check your credentials and permissions.
2025-10-06 15:11:15,265 - espn_client - INFO - Fetching recent activity (size=10, type=None)
2025-10-06 15:11:15,581 - espn_client - ERROR - ESPN returned an HTTP 400 error. Check your credentials and permissions.
2025-10-06 15:11:15,601 - espn_client - INFO - Fetching recent activity (size=10, type=None)
2025-10-06 15:11:15,912 - espn_client - ERROR - ESPN returned an HTTP 400 error. Check your credentials and permissions.
2025-10-06 15:11:15,934 - espn_client - INFO - Fetching recent activity (size=10, type=None)
2025-10-06 15:11:16,432 - espn_client - ERROR - ESPN returned an HTTP 400 error. Check your credentials and permissions.
2025-10-06 15:12:05,428 - espn_client - INFO - Initializing ESPNClient
2025-10-06 15:12:05,429 - espn_client - INFO - Connecting to ESPN Fantasy League 9490871 for season 2026
2025-10-06 15:12:07,752 - espn_client - INFO - Successfully initialized ESPNClient
2025-10-06 15:12:10,524 - espn_client - INFO - Initializing ESPNClient
2025-10-06 15:12:10,525 - espn_client - INFO - Connecting to ESPN Fantasy League 9490871 for season 2026
2025-10-06 15:12:12,538 - espn_client - INFO - Successfully initialized ESPNClient
2025-10-06 15:12:13,221 - espn_client - INFO - Fetching league information
2025-10-06 15:12:13,222 - espn_client - ERROR - Error getting league info: 'BaseSettings' object has no attribute 'get'
2025-10-06 15:12:13,241 - espn_client - INFO - Fetching league standings
2025-10-06 15:12:13,242 - espn_client - INFO - Successfully retrieved standings for 12 teams
2025-10-06 15:12:13,264 - espn_client - INFO - Fetching league standings
2025-10-06 15:12:13,264 - espn_client - INFO - Successfully retrieved standings for 12 teams
2025-10-06 15:12:13,285 - espn_client - INFO - Fetching league standings
2025-10-06 15:12:13,285 - espn_client - INFO - Successfully retrieved standings for 12 teams
2025-10-06 15:12:13,306 - espn_client - INFO - Fetching league standings
2025-10-06 15:12:13,306 - espn_client - INFO - Successfully retrieved standings for 12 teams
2025-10-06 15:12:13,403 - espn_client - INFO - Fetching team information for team ID 1
2025-10-06 15:12:13,403 - espn_client - INFO - Successfully retrieved team information for Los Angeles Lakers
2025-10-06 15:12:13,420 - espn_client - INFO - Fetching team information for team ID 1
2025-10-06 15:12:13,421 - espn_client - INFO - Successfully retrieved team information for Los Angeles Lakers
2025-10-06 15:12:13,439 - espn_client - INFO - Fetching team information for team ID 1
2025-10-06 15:12:13,439 - espn_client - INFO - Successfully retrieved team information for Los Angeles Lakers
2025-10-06 15:12:16,032 - espn_client - INFO - Fetching recent activity (size=10, type=None)
2025-10-06 15:12:16,346 - espn_client - ERROR - ESPN returned an HTTP 400 error. Check your credentials and permissions.
2025-10-06 15:12:16,364 - espn_client - INFO - Fetching recent activity (size=10, type=None)
2025-10-06 15:12:16,675 - espn_client - ERROR - ESPN returned an HTTP 400 error. Check your credentials and permissions.
2025-10-06 15:12:16,704 - espn_client - INFO - Fetching recent activity (size=10, type=None)
2025-10-06 15:12:17,019 - espn_client - ERROR - ESPN returned an HTTP 400 error. Check your credentials and permissions.
2025-10-06 15:12:17,037 - espn_client - INFO - Fetching recent activity (size=10, type=None)
2025-10-06 15:12:17,524 - espn_client - ERROR - ESPN returned an HTTP 400 error. Check your credentials and permissions.
2025-10-06 15:13:07,050 - espn_client - INFO - Initializing ESPNClient
2025-10-06 15:13:07,051 - espn_client - INFO - Connecting to ESPN Fantasy League 9490871 for season 2026
2025-10-06 15:13:09,804 - espn_client - INFO - Initializing ESPNClient
2025-10-06 15:13:09,804 - espn_client - INFO - Connecting to ESPN Fantasy League 9490871 for season 2026
2025-10-06 15:13:11,859 - espn_client - INFO - Successfully initialized ESPNClient
2025-10-06 15:14:33,358 - espn_client - INFO - Initializing ESPNClient
2025-10-06 15:14:33,359 - espn_client - INFO - Connecting to ESPN Fantasy League 9490871 for season 2026
2025-10-06 15:14:36,038 - espn_client - INFO - Successfully initialized ESPNClient
2025-10-06 15:14:36,123 - espn_client - INFO - Fetching league information
2025-10-06 15:14:36,124 - espn_client - ERROR - Error getting league info: 'BaseSettings' object has no attribute 'divisions'
2025-10-06 15:14:36,143 - espn_client - INFO - Fetching league standings
2025-10-06 15:14:36,143 - espn_client - INFO - Successfully retrieved standings for 12 teams
2025-10-06 15:14:36,165 - espn_client - INFO - Fetching league standings
2025-10-06 15:14:36,165 - espn_client - INFO - Successfully retrieved standings for 12 teams
2025-10-06 15:14:36,185 - espn_client - INFO - Fetching league standings
2025-10-06 15:14:36,186 - espn_client - INFO - Successfully retrieved standings for 12 teams
2025-10-06 15:14:36,207 - espn_client - INFO - Fetching league standings
2025-10-06 15:14:36,208 - espn_client - INFO - Successfully retrieved standings for 12 teams
2025-10-06 15:14:36,308 - espn_client - INFO - Fetching team information for team ID 1
2025-10-06 15:14:36,309 - espn_client - INFO - Successfully retrieved team information for Los Angeles Lakers
2025-10-06 15:14:36,328 - espn_client - INFO - Fetching team information for team ID 1
2025-10-06 15:14:36,328 - espn_client - INFO - Successfully retrieved team information for Los Angeles Lakers
2025-10-06 15:14:36,347 - espn_client - INFO - Fetching team information for team ID 1
2025-10-06 15:14:36,347 - espn_client - INFO - Successfully retrieved team information for Los Angeles Lakers
2025-10-06 15:14:39,497 - espn_client - INFO - Fetching recent activity (size=10, type=None)
2025-10-06 15:14:39,855 - espn_client - ERROR - ESPN returned an HTTP 400 error. Check your credentials and permissions.
2025-10-06 15:14:39,874 - espn_client - INFO - Fetching recent activity (size=10, type=None)
2025-10-06 15:14:40,345 - espn_client - ERROR - ESPN returned an HTTP 400 error. Check your credentials and permissions.
2025-10-06 15:14:40,365 - espn_client - INFO - Fetching recent activity (size=10, type=None)
2025-10-06 15:14:40,998 - espn_client - ERROR - ESPN returned an HTTP 400 error. Check your credentials and permissions.
2025-10-06 15:14:41,018 - espn_client - INFO - Fetching recent activity (size=10, type=None)
2025-10-06 15:14:41,670 - espn_client - ERROR - ESPN returned an HTTP 400 error. Check your credentials and permissions.
2025-10-06 15:15:44,725 - espn_client - INFO - Fetching league information
2025-10-06 15:15:44,725 - espn_client - ERROR - Error getting league info: 'BaseSettings' object has no attribute 'divisions'
2025-10-06 15:15:44,756 - espn_client - INFO - Fetching league standings
2025-10-06 15:15:44,757 - espn_client - INFO - Successfully retrieved standings for 12 teams
2025-10-06 15:15:44,788 - espn_client - INFO - Fetching league standings
2025-10-06 15:15:44,788 - espn_client - INFO - Successfully retrieved standings for 12 teams
2025-10-06 15:15:44,822 - espn_client - INFO - Fetching league standings
2025-10-06 15:15:44,822 - espn_client - INFO - Successfully retrieved standings for 12 teams
2025-10-06 15:15:44,849 - espn_client - INFO - Fetching league standings
2025-10-06 15:15:44,849 - espn_client - INFO - Successfully retrieved standings for 12 teams
2025-10-06 15:15:44,954 - espn_client - INFO - Fetching team information for team ID 1
2025-10-06 15:16:47,580 - espn_client - INFO - Successfully retrieved team information for Los Angeles Lakers
2025-10-06 15:16:47,630 - espn_client - INFO - Fetching team information for team ID 1
2025-10-06 15:16:50,128 - espn_client - INFO - Successfully retrieved team information for Los Angeles Lakers
2025-10-06 15:16:50,150 - espn_client - INFO - Fetching team information for team ID 1
2025-10-06 15:16:50,714 - espn_client - INFO - Successfully retrieved team information for Los Angeles Lakers
2025-10-06 15:16:53,893 - espn_client - INFO - Fetching recent activity (size=10, type=None)
2025-10-06 15:16:54,202 - espn_client - ERROR - ESPN returned an HTTP 400 error. Check your credentials and permissions.
2025-10-06 15:16:54,233 - espn_client - INFO - Fetching recent activity (size=10, type=None)
2025-10-06 15:16:54,553 - espn_client - ERROR - ESPN returned an HTTP 400 error. Check your credentials and permissions.
2025-10-06 15:16:54,583 - espn_client - INFO - Fetching recent activity (size=10, type=None)
2025-10-06 15:16:54,896 - espn_client - ERROR - ESPN returned an HTTP 400 error. Check your credentials and permissions.
2025-10-06 15:16:54,934 - espn_client - INFO - Fetching recent activity (size=10, type=None)
2025-10-06 15:16:55,243 - espn_client - ERROR - ESPN returned an HTTP 400 error. Check your credentials and permissions.
2025-10-06 15:17:50,583 - espn_client - INFO - Fetching league information
2025-10-06 15:17:50,584 - espn_client - ERROR - Error getting league info: 'BaseSettings' object has no attribute 'divisions'
2025-10-06 15:17:50,606 - espn_client - INFO - Fetching league standings
2025-10-06 15:17:50,607 - espn_client - INFO - Successfully retrieved standings for 12 teams
2025-10-06 15:17:50,629 - espn_client - INFO - Fetching league standings
2025-10-06 15:17:50,630 - espn_client - INFO - Successfully retrieved standings for 12 teams
2025-10-06 15:17:50,650 - espn_client - INFO - Fetching league standings
2025-10-06 15:17:50,651 - espn_client - INFO - Successfully retrieved standings for 12 teams
2025-10-06 15:17:50,671 - espn_client - INFO - Fetching league standings
2025-10-06 15:17:50,671 - espn_client - INFO - Successfully retrieved standings for 12 teams
2025-10-06 15:17:50,770 - espn_client - INFO - Fetching team information for team ID 1
2025-10-06 15:18:32,761 - espn_client - INFO - Successfully retrieved team information for Los Angeles Lakers
2025-10-06 15:18:32,788 - espn_client - INFO - Fetching team information for team ID 1
2025-10-06 15:18:57,011 - espn_client - INFO - Successfully retrieved team information for Los Angeles Lakers
2025-10-06 15:18:57,040 - espn_client - INFO - Fetching team information for team ID 1
2025-10-06 15:18:58,911 - espn_client - INFO - Successfully retrieved team information for Los Angeles Lakers
2025-10-06 15:19:02,323 - espn_client - INFO - Fetching recent activity (size=10, type=None)
2025-10-06 15:19:02,633 - espn_client - ERROR - ESPN returned an HTTP 400 error. Check your credentials and permissions.
2025-10-06 15:19:02,685 - espn_client - INFO - Fetching recent activity (size=10, type=None)
2025-10-06 15:19:03,012 - espn_client - ERROR - ESPN returned an HTTP 400 error. Check your credentials and permissions.
2025-10-06 15:19:03,035 - espn_client - INFO - Fetching recent activity (size=10, type=None)
2025-10-06 15:19:03,342 - espn_client - ERROR - ESPN returned an HTTP 400 error. Check your credentials and permissions.
2025-10-06 15:19:03,390 - espn_client - INFO - Fetching recent activity (size=10, type=None)
2025-10-06 15:19:03,790 - espn_client - ERROR - ESPN returned an HTTP 400 error. Check your credentials and permissions.
2025-10-06 15:19:41,552 - espn_client - INFO - Initializing ESPNClient
2025-10-06 15:19:41,552 - espn_client - INFO - Connecting to ESPN Fantasy League 9490871 for season 2026
2025-10-06 15:19:44,250 - espn_client - INFO - Initializing ESPNClient
2025-10-06 15:19:44,251 - espn_client - INFO - Connecting to ESPN Fantasy League 9490871 for season 2026
2025-10-06 15:19:46,351 - espn_client - INFO - Successfully initialized ESPNClient
2025-10-06 15:20:08,114 - espn_client - INFO - Initializing ESPNClient
2025-10-06 15:20:08,114 - espn_client - INFO - Connecting to ESPN Fantasy League 9490871 for season 2026
2025-10-06 15:20:10,247 - espn_client - INFO - Successfully initialized ESPNClient
2025-10-06 15:20:10,330 - espn_client - INFO - Fetching league information
2025-10-06 15:20:10,330 - espn_client - ERROR - Error getting league info: 'BaseSettings' object has no attribute 'divisions'
2025-10-06 15:20:10,357 - espn_client - INFO - Fetching league standings
2025-10-06 15:20:10,357 - espn_client - INFO - Successfully retrieved standings for 12 teams
2025-10-06 15:20:10,385 - espn_client - INFO - Fetching league standings
2025-10-06 15:20:10,386 - espn_client - INFO - Successfully retrieved standings for 12 teams
2025-10-06 15:20:10,413 - espn_client - INFO - Fetching league standings
2025-10-06 15:20:10,413 - espn_client - INFO - Successfully retrieved standings for 12 teams
2025-10-06 15:20:10,441 - espn_client - INFO - Fetching league standings
2025-10-06 15:20:10,442 - espn_client - INFO - Successfully retrieved standings for 12 teams
2025-10-06 15:20:10,558 - espn_client - INFO - Fetching team information for team ID 1
2025-10-06 15:20:15,227 - espn_client - INFO - Successfully retrieved team information for Los Angeles Lakers
2025-10-06 15:20:15,247 - espn_client - INFO - Fetching team information for team ID 1
2025-10-06 15:20:40,380 - espn_client - INFO - Successfully retrieved team information for Los Angeles Lakers
2025-10-06 15:20:40,430 - espn_client - INFO - Fetching team information for team ID 1
2025-10-06 15:20:42,427 - espn_client - INFO - Successfully retrieved team information for Los Angeles Lakers
2025-10-06 15:20:46,931 - espn_client - INFO - Initializing ESPNClient
2025-10-06 15:20:46,932 - espn_client - INFO - Connecting to ESPN Fantasy League 9490871 for season 2026
2025-10-06 15:20:48,806 - espn_client - INFO - Successfully initialized ESPNClient
2025-10-06 15:20:49,452 - espn_client - INFO - Fetching recent activity (size=10, type=None)
2025-10-06 15:20:49,948 - espn_client - ERROR - ESPN returned an HTTP 400 error. Check your credentials and permissions.
2025-10-06 15:20:51,353 - espn_client - INFO - Initializing ESPNClient
2025-10-06 15:20:51,354 - espn_client - INFO - Connecting to ESPN Fantasy League 9490871 for season 2026
2025-10-06 15:20:53,482 - espn_client - INFO - Successfully initialized ESPNClient
2025-10-06 15:20:53,557 - espn_client - INFO - Fetching recent activity (size=10, type=None)
2025-10-06 15:20:53,932 - espn_client - ERROR - ESPN returned an HTTP 400 error. Check your credentials and permissions.
2025-10-06 15:20:53,953 - espn_client - INFO - Fetching recent activity (size=10, type=None)
2025-10-06 15:20:54,263 - espn_client - ERROR - ESPN returned an HTTP 400 error. Check your credentials and permissions.
2025-10-06 15:20:54,289 - espn_client - INFO - Fetching recent activity (size=10, type=None)
2025-10-06 15:20:54,599 - espn_client - ERROR - ESPN returned an HTTP 400 error. Check your credentials and permissions.
2025-10-06 15:21:00,497 - espn_client - INFO - Fetching league information
2025-10-06 15:21:00,497 - espn_client - ERROR - Error getting league info: 'BaseSettings' object has no attribute 'divisions'
2025-10-06 15:21:00,518 - espn_client - INFO - Fetching league standings
2025-10-06 15:21:00,518 - espn_client - INFO - Successfully retrieved standings for 12 teams
2025-10-06 15:21:00,540 - espn_client - INFO - Fetching league standings
2025-10-06 15:21:00,540 - espn_client - INFO - Successfully retrieved standings for 12 teams
2025-10-06 15:21:00,561 - espn_client - INFO - Fetching league standings
2025-10-06 15:21:00,561 - espn_client - INFO - Successfully retrieved standings for 12 teams
2025-10-06 15:21:00,582 - espn_client - INFO - Fetching league standings
2025-10-06 15:21:00,582 - espn_client - INFO - Successfully retrieved standings for 12 teams
2025-10-06 15:21:00,683 - espn_client - INFO - Fetching team information for team ID 1
2025-10-06 15:21:07,410 - espn_client - INFO - Successfully retrieved team information for Los Angeles Lakers
2025-10-06 15:21:07,437 - espn_client - INFO - Fetching team information for team ID 1
2025-10-06 15:21:09,910 - espn_client - INFO - Successfully retrieved team information for Los Angeles Lakers
2025-10-06 15:21:09,932 - espn_client - INFO - Fetching team information for team ID 1
2025-10-06 15:21:09,932 - espn_client - INFO - Successfully retrieved team information for Los Angeles Lakers
2025-10-06 15:21:12,746 - espn_client - INFO - Fetching recent activity (size=10, type=None)
2025-10-06 15:21:13,247 - espn_client - ERROR - ESPN returned an HTTP 400 error. Check your credentials and permissions.
2025-10-06 15:21:13,285 - espn_client - INFO - Fetching recent activity (size=10, type=None)
2025-10-06 15:21:13,606 - espn_client - ERROR - ESPN returned an HTTP 400 error. Check your credentials and permissions.
2025-10-06 15:21:13,627 - espn_client - INFO - Fetching recent activity (size=10, type=None)
2025-10-06 15:21:13,985 - espn_client - ERROR - ESPN returned an HTTP 400 error. Check your credentials and permissions.
2025-10-06 15:21:14,017 - espn_client - INFO - Fetching recent activity (size=10, type=None)
2025-10-06 15:21:14,563 - espn_client - ERROR - ESPN returned an HTTP 400 error. Check your credentials and permissions.
2025-10-06 15:22:18,868 - espn_client - INFO - Initializing ESPNClient
2025-10-06 15:22:18,869 - espn_client - INFO - Connecting to ESPN Fantasy League 9490871 for season 2026
2025-10-06 15:22:20,158 - espn_client - INFO - Initializing ESPNClient
2025-10-06 15:22:20,159 - espn_client - INFO - Connecting to ESPN Fantasy League 9490871 for season 2026
2025-10-06 15:22:22,341 - espn_client - INFO - Successfully initialized ESPNClient
2025-10-06 15:22:28,324 - espn_client - INFO - Initializing ESPNClient
2025-10-06 15:22:28,324 - espn_client - INFO - Connecting to ESPN Fantasy League 9490871 for season 2026
2025-10-06 15:22:30,033 - espn_client - INFO - Successfully initialized ESPNClient
2025-10-06 15:22:46,087 - espn_client - INFO - Initializing ESPNClient
2025-10-06 15:22:46,088 - espn_client - INFO - Connecting to ESPN Fantasy League 9490871 for season 2026
2025-10-06 15:22:47,788 - espn_client - INFO - Successfully initialized ESPNClient
2025-10-06 15:22:58,720 - espn_client - INFO - Initializing ESPNClient
2025-10-06 15:22:58,720 - espn_client - INFO - Connecting to ESPN Fantasy League 9490871 for season 2026
2025-10-06 15:23:01,237 - espn_client - INFO - Successfully initialized ESPNClient
2025-10-06 15:23:03,761 - espn_client - INFO - Initializing ESPNClient
2025-10-06 15:23:03,762 - espn_client - INFO - Connecting to ESPN Fantasy League 9490871 for season 2026
2025-10-06 15:23:06,222 - espn_client - INFO - Successfully initialized ESPNClient
2025-10-06 15:23:09,976 - espn_client - INFO - Fetching league information
2025-10-06 15:23:09,976 - espn_client - ERROR - Error getting league info: 'BaseSettings' object has no attribute 'divisions'
2025-10-06 15:23:09,996 - espn_client - INFO - Fetching league standings
2025-10-06 15:23:09,997 - espn_client - INFO - Successfully retrieved standings for 12 teams
2025-10-06 15:23:10,021 - espn_client - INFO - Fetching league standings
2025-10-06 15:23:10,021 - espn_client - INFO - Successfully retrieved standings for 12 teams
2025-10-06 15:23:10,042 - espn_client - INFO - Fetching league standings
2025-10-06 15:23:10,042 - espn_client - INFO - Successfully retrieved standings for 12 teams
2025-10-06 15:23:10,063 - espn_client - INFO - Fetching league standings
2025-10-06 15:23:10,063 - espn_client - INFO - Successfully retrieved standings for 12 teams
2025-10-06 15:23:10,170 - espn_client - INFO - Fetching team information for team ID 1
2025-10-06 15:23:14,342 - espn_client - INFO - Successfully retrieved team information for Los Angeles Lakers
2025-10-06 15:23:14,365 - espn_client - INFO - Fetching team information for team ID 1
2025-10-06 15:23:14,365 - espn_client - INFO - Successfully retrieved team information for Los Angeles Lakers
2025-10-06 15:23:14,386 - espn_client - INFO - Fetching team information for team ID 1
2025-10-06 15:23:14,386 - espn_client - INFO - Successfully retrieved team information for Los Angeles Lakers
2025-10-06 15:23:17,467 - espn_client - INFO - Fetching player information for player IDs: 1
2025-10-06 15:23:17,973 - espn_client - WARNING - No player data found
2025-10-06 15:23:17,992 - espn_client - INFO - Fetching player information for player IDs: [1, 2]
2025-10-06 15:23:18,500 - espn_client - WARNING - No player data found
2025-10-06 15:23:18,541 - espn_client - INFO - Fetching player information for player IDs: [3112335, 4684740, 4432158, 4397688, 4683021, 4277956, 4066354, 4395712, 4431680, 4351852, 4593125, 4277811, 3448, 3907497, 4066648, 5203685, 6609, 3157465, 4278594, 3136195, 3136193, 4277961, 3149673, 3064440, 4432165, 2595516, 2490149, 4433218, 6589, 5105592, 6442, 3155526, 5061589, 4397020, 5242502, 4278039, 5107173, 4395723, 4594268, 4871145, 4701230, 4566434, 4066457, 4395725, 4432174, 3908845, 4397140, 4683634, 4432639, 3133603, 3064482, 2528426, 3135046, 4397014, 4066421, 4065778, 6477, 4432823, 3032977, 3908809, 4432573, 4437244, 6478, 3147657, 3032976, 4395625, 4278049, 4278067, 4845367, 4873138, 3134907, 3102530, 5243213, 2566769, 5144091, 5093267, 3992, 3202, 4066261, 4066259, 4066328, 3934719, 4701232, 4914336, 4431736, 6440, 3032979, 4431671, 6475, 4600663, 5105637, 4684806, 4066372, 3948153, 4065731, 4576060, 4277905, 4431678, 3917376, 4066320, 3913176, 4433136, 4222252, 4684742, 4433192, 4683688, 5037871, 4711272, 4065733, 4278355, 5106258, 4997528, 4433249, 4277843, 4432166, 1966, 3078576, 6450, 6430, 4433621, 3138196, 4251, 4396971, 6580, 4432170, 2779, 4278053, 4397002, 3195, 6578, 2581018, 4397183, 3945274, 4433255, 4871144, 4066336, 4433287, 3059318, 4066383, 4277813, 3136776, 4683678, 4433247, 4278078, 5104155, 2990984, 2528210, 2991070, 4017844, 3074752, 4348700, 2580782, 3975, 3155942, 5041939, 3133628, 3062679, 3064514, 3995, 4351851, 4594327, 3064290, 5211175, 5061575, 2991350, 2991043, 2990992, 4066211, 4432848, 4277869, 4278073, 4433134, 4432816, 3102531, 4395628, 3134908, 4395724, 4711294, 4395630, 3934673, 5105623, 4683766, 5124612, 4683692, 5238230, 4610139, 3135045, 4066436, 4432194, 5104157, 4593803, 3936299, 4869342, 4395651, 4396907, 4278129, 4431767, 3059319, 2530530, 4709138, 4396909, 3213, 5174563, 4277847, 4684793, 4702177, 4432809, 4712849, 6583, 3934672, 4279888, 4017837, 4278104, 3978, 5160992, 5105565, 4433627, 4066262, 4065732, 4431785, 4397424, 4845374, 5105839, 4065804, 4683778, 3102529, 6585]
2025-10-06 15:23:21,657 - espn_client - INFO - Successfully retrieved player information for 227 players
2025-10-06 15:23:21,713 - espn_client - INFO - Fetching player information for player IDs: None
2025-10-06 15:23:21,714 - espn_client - WARNING - No player data found
2025-10-06 15:23:21,733 - espn_client - INFO - Fetching player information for player IDs: [3112335, 4684740, 4432158, 4397688, 4683021, 4277956, 4066354, 4395712, 4431680, 4351852, 4593125, 4277811, 3448, 3907497, 4066648, 5203685, 6609, 3157465, 4278594, 3136195, 3136193, 4277961, 3149673, 3064440, 4432165, 2595516, 2490149, 4433218, 6589, 5105592, 6442, 3155526, 5061589, 4397020, 5242502, 4278039, 5107173, 4395723, 4594268, 4871145, 4701230, 4566434, 4066457, 4395725, 4432174, 3908845, 4397140, 4683634, 4432639, 3133603, 3064482, 2528426, 3135046, 4397014, 4066421, 4065778, 6477, 4432823, 3032977, 3908809, 4432573, 4437244, 6478, 3147657, 3032976, 4395625, 4278049, 4278067, 4845367, 4873138, 3134907, 3102530, 5243213, 2566769, 5144091, 5093267, 3992, 3202, 4066261, 4066259, 4066328, 3934719, 4701232, 4914336, 4431736, 6440, 3032979, 4431671, 6475, 4600663, 5105637, 4684806, 4066372, 3948153, 4065731, 4576060, 4277905, 4431678, 3917376, 4066320, 3913176, 4433136, 4222252, 4684742, 4433192, 4683688, 5037871, 4711272, 4065733, 4278355, 5106258, 4997528, 4433249, 4277843, 4432166, 1966, 3078576, 6450, 6430, 4433621, 3138196, 4251, 4396971, 6580, 4432170, 2779, 4278053, 4397002, 3195, 6578, 2581018, 4397183, 3945274, 4433255, 4871144, 4066336, 4433287, 3059318, 4066383, 4277813, 3136776, 4683678, 4433247, 4278078, 5104155, 2990984, 2528210, 2991070, 4017844, 3074752, 4348700, 2580782, 3975, 3155942, 5041939, 3133628, 3062679, 3064514, 3995, 4351851, 4594327, 3064290, 5211175, 5061575, 2991350, 2991043, 2990992, 4066211, 4432848, 4277869, 4278073, 4433134, 4432816, 3102531, 4395628, 3134908, 4395724, 4711294, 4395630, 3934673, 5105623, 4683766, 5124612, 4683692, 5238230, 4610139, 3135045, 4066436, 4432194, 5104157, 4593803, 3936299, 4869342, 4395651, 4396907, 4278129, 4431767, 3059319, 2530530, 4709138, 4396909, 3213, 5174563, 4277847, 4684793, 4702177, 4432809, 4712849, 6583, 3934672, 4279888, 4017837, 4278104, 3978, 5160992, 5105565, 4433627, 4066262, 4065732, 4431785, 4397424, 4845374, 5105839, 4065804, 4683778, 3102529, 6585]
2025-10-06 15:23:24,893 - espn_client - INFO - Successfully retrieved player information for 227 players
2025-10-06 15:23:24,938 - espn_client - INFO - Fetching recent activity (size=10, type=None)
2025-10-06 15:23:25,364 - espn_client - ERROR - ESPN returned an HTTP 400 error. Check your credentials and permissions.
2025-10-06 15:23:25,383 - espn_client - INFO - Fetching recent activity (size=10, type=None)
2025-10-06 15:23:25,699 - espn_client - ERROR - ESPN returned an HTTP 400 error. Check your credentials and permissions.
2025-10-06 15:23:25,723 - espn_client - INFO - Fetching recent activity (size=10, type=None)
2025-10-06 15:23:26,228 - espn_client - ERROR - ESPN returned an HTTP 400 error. Check your credentials and permissions.
2025-10-06 15:23:26,266 - espn_client - INFO - Fetching recent activity (size=10, type=None)
2025-10-06 15:23:26,579 - espn_client - ERROR - ESPN returned an HTTP 400 error. Check your credentials and permissions.
2025-10-06 15:25:14,467 - espn_client - INFO - Initializing ESPNClient
2025-10-06 15:25:14,467 - espn_client - INFO - Connecting to ESPN Fantasy League 9490871 for season 2026
2025-10-06 15:25:17,131 - espn_client - INFO - Initializing ESPNClient
2025-10-06 15:25:17,132 - espn_client - INFO - Connecting to ESPN Fantasy League 9490871 for season 2026
2025-10-06 15:25:19,792 - espn_client - INFO - Successfully initialized ESPNClient
2025-10-06 15:25:23,005 - espn_client - INFO - Initializing ESPNClient
2025-10-06 15:25:23,006 - espn_client - INFO - Connecting to ESPN Fantasy League 9490871 for season 2026
2025-10-06 15:25:25,443 - espn_client - INFO - Successfully initialized ESPNClient
2025-10-06 15:25:28,145 - espn_client - INFO - Initializing ESPNClient
2025-10-06 15:25:28,146 - espn_client - INFO - Connecting to ESPN Fantasy League 9490871 for season 2026
2025-10-06 15:25:30,594 - espn_client - INFO - Successfully initialized ESPNClient
2025-10-06 15:25:43,378 - espn_client - INFO - Initializing ESPNClient
2025-10-06 15:25:43,379 - espn_client - INFO - Connecting to ESPN Fantasy League 9490871 for season 2026
2025-10-06 15:25:45,091 - espn_client - INFO - Successfully initialized ESPNClient
2025-10-06 15:25:46,926 - espn_client - INFO - Fetching league information
2025-10-06 15:25:46,927 - espn_client - ERROR - Error getting league info: 'BaseSettings' object has no attribute 'divisions'
2025-10-06 15:25:46,947 - espn_client - INFO - Fetching league standings
2025-10-06 15:25:46,947 - espn_client - INFO - Successfully retrieved standings for 12 teams
2025-10-06 15:25:46,969 - espn_client - INFO - Fetching league standings
2025-10-06 15:25:46,969 - espn_client - INFO - Successfully retrieved standings for 12 teams
2025-10-06 15:25:46,989 - espn_client - INFO - Fetching league standings
2025-10-06 15:25:46,990 - espn_client - INFO - Successfully retrieved standings for 12 teams
2025-10-06 15:25:47,010 - espn_client - INFO - Fetching league standings
2025-10-06 15:25:47,010 - espn_client - INFO - Successfully retrieved standings for 12 teams
2025-10-06 15:25:47,120 - espn_client - INFO - Fetching team information for team ID 1
2025-10-06 15:25:47,120 - espn_client - INFO - Successfully retrieved team information for Los Angeles Lakers
2025-10-06 15:25:47,139 - espn_client - INFO - Fetching team information for team ID 1
2025-10-06 15:25:47,139 - espn_client - INFO - Successfully retrieved team information for Los Angeles Lakers
2025-10-06 15:25:47,158 - espn_client - INFO - Fetching team information for team ID 1
2025-10-06 15:25:47,158 - espn_client - INFO - Successfully retrieved team information for Los Angeles Lakers
2025-10-06 15:25:50,526 - espn_client - INFO - Fetching player information for player IDs: 1
2025-10-06 15:25:50,898 - espn_client - WARNING - No player data found
2025-10-06 15:25:50,899 - espn_client - ERROR - Error getting player info: 
2025-10-06 15:25:50,924 - espn_client - INFO - Fetching player information for player IDs: [1, 2]
2025-10-06 15:25:51,237 - espn_client - WARNING - No player data found
2025-10-06 15:25:51,237 - espn_client - ERROR - Error getting player info: 
2025-10-06 15:25:51,259 - espn_client - INFO - Fetching player information for player IDs: [3112335, 4684740, 4432158, 4397688, 4683021, 4277956, 4066354, 4395712, 4431680, 4351852, 4593125, 4277811, 3448, 3907497, 4066648, 5203685, 6609, 3157465, 4278594, 3136195, 3136193, 4277961, 3149673, 3064440, 4432165, 2595516, 2490149, 4433218, 6589, 5105592, 6442, 3155526, 5061589, 4397020, 5242502, 4278039, 5107173, 4395723, 4594268, 4871145, 4701230, 4566434, 4066457, 4395725, 4432174, 3908845, 4397140, 4683634, 4432639, 3133603, 3064482, 2528426, 3135046, 4397014, 4066421, 4065778, 6477, 4432823, 3032977, 3908809, 4432573, 4437244, 6478, 3147657, 3032976, 4395625, 4278049, 4278067, 4845367, 4873138, 3134907, 3102530, 5243213, 2566769, 5144091, 5093267, 3992, 3202, 4066261, 4066259, 4066328, 3934719, 4701232, 4914336, 4431736, 6440, 3032979, 4431671, 6475, 4600663, 5105637, 4684806, 4066372, 3948153, 4065731, 4576060, 4277905, 4431678, 3917376, 4066320, 3913176, 4433136, 4222252, 4684742, 4433192, 4683688, 5037871, 4711272, 4065733, 4278355, 5106258, 4997528, 4433249, 4277843, 4432166, 1966, 3078576, 6450, 6430, 4433621, 3138196, 4251, 4396971, 6580, 4432170, 2779, 4278053, 4397002, 3195, 6578, 2581018, 4397183, 3945274, 4433255, 4871144, 4066336, 4433287, 3059318, 4066383, 4277813, 3136776, 4683678, 4433247, 4278078, 5104155, 2990984, 2528210, 2991070, 4017844, 3074752, 4348700, 2580782, 3975, 3155942, 5041939, 3133628, 3062679, 3064514, 3995, 4351851, 4594327, 3064290, 5211175, 5061575, 2991350, 2991043, 2990992, 4066211, 4432848, 4277869, 4278073, 4433134, 4432816, 3102531, 4395628, 3134908, 4395724, 4711294, 4395630, 3934673, 5105623, 4683766, 5124612, 4683692, 5238230, 4610139, 3135045, 4066436, 4432194, 5104157, 4593803, 3936299, 4869342, 4395651, 4396907, 4278129, 4431767, 3059319, 2530530, 4709138, 4396909, 3213, 5174563, 4277847, 4684793, 4702177, 4432809, 4712849, 6583, 3934672, 4279888, 4017837, 4278104, 3978, 5160992, 5105565, 4433627, 4066262, 4065732, 4431785, 4397424, 4845374, 5105839, 4065804, 4683778, 3102529, 6585]
2025-10-06 15:25:53,607 - espn_client - INFO - Successfully retrieved player information for 227 players
2025-10-06 15:25:53,673 - espn_client - INFO - Fetching player information for player IDs: None
2025-10-06 15:25:53,673 - espn_client - WARNING - No player data found
2025-10-06 15:25:53,673 - espn_client - ERROR - Error getting player info: 
2025-10-06 15:25:53,694 - espn_client - INFO - Fetching player information for player IDs: [3112335, 4684740, 4432158, 4397688, 4683021, 4277956, 4066354, 4395712, 4431680, 4351852, 4593125, 4277811, 3448, 3907497, 4066648, 5203685, 6609, 3157465, 4278594, 3136195, 3136193, 4277961, 3149673, 3064440, 4432165, 2595516, 2490149, 4433218, 6589, 5105592, 6442, 3155526, 5061589, 4397020, 5242502, 4278039, 5107173, 4395723, 4594268, 4871145, 4701230, 4566434, 4066457, 4395725, 4432174, 3908845, 4397140, 4683634, 4432639, 3133603, 3064482, 2528426, 3135046, 4397014, 4066421, 4065778, 6477, 4432823, 3032977, 3908809, 4432573, 4437244, 6478, 3147657, 3032976, 4395625, 4278049, 4278067, 4845367, 4873138, 3134907, 3102530, 5243213, 2566769, 5144091, 5093267, 3992, 3202, 4066261, 4066259, 4066328, 3934719, 4701232, 4914336, 4431736, 6440, 3032979, 4431671, 6475, 4600663, 5105637, 4684806, 4066372, 3948153, 4065731, 4576060, 4277905, 4431678, 3917376, 4066320, 3913176, 4433136, 4222252, 4684742, 4433192, 4683688, 5037871, 4711272, 4065733, 4278355, 5106258, 4997528, 4433249, 4277843, 4432166, 1966, 3078576, 6450, 6430, 4433621, 3138196, 4251, 4396971, 6580, 4432170, 2779, 4278053, 4397002, 3195, 6578, 2581018, 4397183, 3945274, 4433255, 4871144, 4066336, 4433287, 3059318, 4066383, 4277813, 3136776, 4683678, 4433247, 4278078, 5104155, 2990984, 2528210, 2991070, 4017844, 3074752, 4348700, 2580782, 3975, 3155942, 5041939, 3133628, 3062679, 3064514, 3995, 4351851, 4594327, 3064290, 5211175, 5061575, 2991350, 2991043, 2990992, 4066211, 4432848, 4277869, 4278073, 4433134, 4432816, 3102531, 4395628, 3134908, 4395724, 4711294, 4395630, 3934673, 5105623, 4683766, 5124612, 4683692, 5238230, 4610139, 3135045, 4066436, 4432194, 5104157, 4593803, 3936299, 4869342, 4395651, 4396907, 4278129, 4431767, 3059319, 2530530, 4709138, 4396909, 3213, 5174563, 4277847, 4684793, 4702177, 4432809, 4712849, 6583, 3934672, 4279888, 4017837, 4278104, 3978, 5160992, 5105565, 4433627, 4066262, 4065732, 4431785, 4397424, 4845374, 5105839, 4065804, 4683778, 3102529, 6585]
2025-10-06 15:25:56,045 - espn_client - INFO - Successfully retrieved player information for 227 players
2025-10-06 15:25:56,081 - espn_client - INFO - Fetching recent activity (size=10, type=None)
2025-10-06 15:25:56,529 - espn_client - ERROR - ESPN returned an HTTP 400 error. Check your credentials and permissions.
2025-10-06 15:25:56,569 - espn_client - INFO - Fetching recent activity (size=10, type=None)
2025-10-06 15:25:57,071 - espn_client - ERROR - ESPN returned an HTTP 400 error. Check your credentials and permissions.
2025-10-06 15:25:57,093 - espn_client - INFO - Fetching recent activity (size=10, type=None)
2025-10-06 15:25:57,452 - espn_client - ERROR - ESPN returned an HTTP 400 error. Check your credentials and permissions.
2025-10-06 15:25:57,473 - espn_client - INFO - Fetching recent activity (size=10, type=None)
2025-10-06 15:25:57,882 - espn_client - ERROR - ESPN returned an HTTP 400 error. Check your credentials and permissions.
2025-10-06 15:27:37,065 - espn_client - INFO - Fetching player information for player IDs: 3112335
2025-10-06 15:27:37,569 - espn_client - INFO - Successfully retrieved player information for 1 players
2025-10-06 15:28:54,925 - espn_client - INFO - Fetching league information
2025-10-06 15:28:54,925 - espn_client - ERROR - Error getting league info: 'BaseSettings' object has no attribute 'divisions'
2025-10-06 15:28:54,949 - espn_client - INFO - Fetching league standings
2025-10-06 15:28:54,950 - espn_client - INFO - Successfully retrieved standings for 12 teams
2025-10-06 15:28:54,972 - espn_client - INFO - Fetching league standings
2025-10-06 15:28:54,972 - espn_client - INFO - Successfully retrieved standings for 12 teams
2025-10-06 15:28:54,993 - espn_client - INFO - Fetching league standings
2025-10-06 15:28:54,994 - espn_client - INFO - Successfully retrieved standings for 12 teams
2025-10-06 15:28:55,014 - espn_client - INFO - Fetching league standings
2025-10-06 15:28:55,014 - espn_client - INFO - Successfully retrieved standings for 12 teams
2025-10-06 15:28:55,118 - espn_client - INFO - Fetching team information for team ID 1
2025-10-06 15:28:55,118 - espn_client - INFO - Successfully retrieved team information for Los Angeles Lakers
2025-10-06 15:28:55,138 - espn_client - INFO - Fetching team information for team ID 1
2025-10-06 15:28:55,139 - espn_client - INFO - Successfully retrieved team information for Los Angeles Lakers
2025-10-06 15:28:55,158 - espn_client - INFO - Fetching team information for team ID 1
2025-10-06 15:28:55,158 - espn_client - INFO - Successfully retrieved team information for Los Angeles Lakers
2025-10-06 15:28:58,705 - espn_client - INFO - Fetching player information for player IDs: 3112335
2025-10-06 15:28:59,036 - espn_client - INFO - Successfully retrieved player information for 1 players
2025-10-06 15:28:59,055 - espn_client - INFO - Fetching player information for player IDs: [3112335, 3945274]
2025-10-06 15:28:59,670 - espn_client - INFO - Successfully retrieved player information for 2 players
2025-10-06 15:28:59,692 - espn_client - INFO - Fetching player information for player IDs: [3112335, 4684740, 4432158, 4397688, 4683021, 4277956, 4066354, 4395712, 4431680, 4351852, 4593125, 4277811, 3448, 3907497, 4066648, 5203685, 6609, 3157465, 4278594, 3136195, 3136193, 4277961, 3149673, 3064440, 4432165, 2595516, 2490149, 4433218, 6589, 5105592, 6442, 3155526, 5061589, 4397020, 5242502, 4278039, 5107173, 4395723, 4594268, 4871145, 4701230, 4566434, 4066457, 4395725, 4432174, 3908845, 4397140, 4683634, 4432639, 3133603, 3064482, 2528426, 3135046, 4397014, 4066421, 4065778, 6477, 4432823, 3032977, 3908809, 4432573, 4437244, 6478, 3147657, 3032976, 4395625, 4278049, 4278067, 4845367, 4873138, 3134907, 3102530, 5243213, 2566769, 5144091, 5093267, 3992, 3202, 4066261, 4066259, 4066328, 3934719, 4701232, 4914336, 4431736, 6440, 3032979, 4431671, 6475, 4600663, 5105637, 4684806, 4066372, 3948153, 4065731, 4576060, 4277905, 4431678, 3917376, 4066320, 3913176, 4433136, 4222252, 4684742, 4433192, 4683688, 5037871, 4711272, 4065733, 4278355, 5106258, 4997528, 4433249, 4277843, 4432166, 1966, 3078576, 6450, 6430, 4433621, 3138196, 4251, 4396971, 6580, 4432170, 2779, 4278053, 4397002, 3195, 6578, 2581018, 4397183, 3945274, 4433255, 4871144, 4066336, 4433287, 3059318, 4066383, 4277813, 3136776, 4683678, 4433247, 4278078, 5104155, 2990984, 2528210, 2991070, 4017844, 3074752, 4348700, 2580782, 3975, 3155942, 5041939, 3133628, 3062679, 3064514, 3995, 4351851, 4594327, 3064290, 5211175, 5061575, 2991350, 2991043, 2990992, 4066211, 4432848, 4277869, 4278073, 4433134, 4432816, 3102531, 4395628, 3134908, 4395724, 4711294, 4395630, 3934673, 5105623, 4683766, 5124612, 4683692, 5238230, 4610139, 3135045, 4066436, 4432194, 5104157, 4593803, 3936299, 4869342, 4395651, 4396907, 4278129, 4431767, 3059319, 2530530, 4709138, 4396909, 3213, 5174563, 4277847, 4684793, 4702177, 4432809, 4712849, 6583, 3934672, 4279888, 4017837, 4278104, 3978, 5160992, 5105565, 4433627, 4066262, 4065732, 4431785, 4397424, 4845374, 5105839, 4065804, 4683778, 3102529, 6585]
2025-10-06 15:29:01,949 - espn_client - INFO - Successfully retrieved player information for 227 players
2025-10-06 15:29:02,002 - espn_client - INFO - Fetching player information for player IDs: None
2025-10-06 15:29:02,002 - espn_client - WARNING - No player data found
2025-10-06 15:29:02,002 - espn_client - ERROR - Error getting player info: 
2025-10-06 15:29:02,022 - espn_client - INFO - Fetching player information for player IDs: [3112335, 4684740, 4432158, 4397688, 4683021, 4277956, 4066354, 4395712, 4431680, 4351852, 4593125, 4277811, 3448, 3907497, 4066648, 5203685, 6609, 3157465, 4278594, 3136195, 3136193, 4277961, 3149673, 3064440, 4432165, 2595516, 2490149, 4433218, 6589, 5105592, 6442, 3155526, 5061589, 4397020, 5242502, 4278039, 5107173, 4395723, 4594268, 4871145, 4701230, 4566434, 4066457, 4395725, 4432174, 3908845, 4397140, 4683634, 4432639, 3133603, 3064482, 2528426, 3135046, 4397014, 4066421, 4065778, 6477, 4432823, 3032977, 3908809, 4432573, 4437244, 6478, 3147657, 3032976, 4395625, 4278049, 4278067, 4845367, 4873138, 3134907, 3102530, 5243213, 2566769, 5144091, 5093267, 3992, 3202, 4066261, 4066259, 4066328, 3934719, 4701232, 4914336, 4431736, 6440, 3032979, 4431671, 6475, 4600663, 5105637, 4684806, 4066372, 3948153, 4065731, 4576060, 4277905, 4431678, 3917376, 4066320, 3913176, 4433136, 4222252, 4684742, 4433192, 4683688, 5037871, 4711272, 4065733, 4278355, 5106258, 4997528, 4433249, 4277843, 4432166, 1966, 3078576, 6450, 6430, 4433621, 3138196, 4251, 4396971, 6580, 4432170, 2779, 4278053, 4397002, 3195, 6578, 2581018, 4397183, 3945274, 4433255, 4871144, 4066336, 4433287, 3059318, 4066383, 4277813, 3136776, 4683678, 4433247, 4278078, 5104155, 2990984, 2528210, 2991070, 4017844, 3074752, 4348700, 2580782, 3975, 3155942, 5041939, 3133628, 3062679, 3064514, 3995, 4351851, 4594327, 3064290, 5211175, 5061575, 2991350, 2991043, 2990992, 4066211, 4432848, 4277869, 4278073, 4433134, 4432816, 3102531, 4395628, 3134908, 4395724, 4711294, 4395630, 3934673, 5105623, 4683766, 5124612, 4683692, 5238230, 4610139, 3135045, 4066436, 4432194, 5104157, 4593803, 3936299, 4869342, 4395651, 4396907, 4278129, 4431767, 3059319, 2530530, 4709138, 4396909, 3213, 5174563, 4277847, 4684793, 4702177, 4432809, 4712849, 6583, 3934672, 4279888, 4017837, 4278104, 3978, 5160992, 5105565, 4433627, 4066262, 4065732, 4431785, 4397424, 4845374, 5105839, 4065804, 4683778, 3102529, 6585]
2025-10-06 15:29:04,369 - espn_client - INFO - Successfully retrieved player information for 227 players
2025-10-06 15:29:04,406 - espn_client - INFO - Fetching recent activity (size=10, type=None)
2025-10-06 15:29:04,960 - espn_client - ERROR - ESPN returned an HTTP 400 error. Check your credentials and permissions.
2025-10-06 15:29:04,993 - espn_client - INFO - Fetching recent activity (size=10, type=None)
2025-10-06 15:29:05,310 - espn_client - ERROR - ESPN returned an HTTP 400 error. Check your credentials and permissions.
2025-10-06 15:29:05,329 - espn_client - INFO - Fetching recent activity (size=10, type=None)
2025-10-06 15:29:05,641 - espn_client - ERROR - ESPN returned an HTTP 400 error. Check your credentials and permissions.
2025-10-06 15:29:05,671 - espn_client - INFO - Fetching recent activity (size=10, type=None)
2025-10-06 15:29:05,979 - espn_client - ERROR - ESPN returned an HTTP 400 error. Check your credentials and permissions.
2025-10-06 15:35:37,043 - espn_client - INFO - Initializing ESPNClient
2025-10-06 15:35:37,043 - espn_client - INFO - Connecting to ESPN Fantasy League 9490871 for season 2026
2025-10-06 15:35:38,228 - espn_client - INFO - Initializing ESPNClient
2025-10-06 15:35:38,229 - espn_client - INFO - Connecting to ESPN Fantasy League 9490871 for season 2026
2025-10-06 15:35:40,253 - espn_client - INFO - Successfully initialized ESPNClient
2025-10-06 15:35:55,441 - espn_client - INFO - Initializing ESPNClient
2025-10-06 15:35:55,442 - espn_client - INFO - Connecting to ESPN Fantasy League 9490871 for season 2026
2025-10-06 15:35:57,179 - espn_client - INFO - Successfully initialized ESPNClient
2025-10-06 15:36:01,909 - espn_client - INFO - Initializing ESPNClient
2025-10-06 15:36:01,909 - espn_client - INFO - Connecting to ESPN Fantasy League 9490871 for season 2026
2025-10-06 15:36:05,211 - espn_client - INFO - Successfully initialized ESPNClient
2025-10-06 15:36:07,652 - espn_client - INFO - Initializing ESPNClient
2025-10-06 15:36:07,653 - espn_client - INFO - Connecting to ESPN Fantasy League 9490871 for season 2026
2025-10-06 15:36:09,557 - espn_client - INFO - Successfully initialized ESPNClient
2025-10-06 15:36:19,927 - espn_client - INFO - Fetching league standings
2025-10-06 15:36:19,927 - espn_client - INFO - Successfully retrieved standings for 12 teams
2025-10-06 15:36:19,965 - espn_client - INFO - Fetching league standings
2025-10-06 15:36:19,965 - espn_client - INFO - Successfully retrieved standings for 12 teams
2025-10-06 15:36:19,997 - espn_client - INFO - Fetching league standings
2025-10-06 15:36:19,997 - espn_client - INFO - Successfully retrieved standings for 12 teams
2025-10-06 15:36:20,024 - espn_client - INFO - Fetching league standings
2025-10-06 15:36:20,025 - espn_client - INFO - Successfully retrieved standings for 12 teams
2025-10-06 15:36:20,134 - espn_client - INFO - Fetching team information for team ID 1
2025-10-06 15:36:20,135 - espn_client - INFO - Successfully retrieved team information for Los Angeles Lakers
2025-10-06 15:36:20,154 - espn_client - INFO - Fetching team information for team ID 1
2025-10-06 15:36:20,154 - espn_client - INFO - Successfully retrieved team information for Los Angeles Lakers
2025-10-06 15:36:20,174 - espn_client - INFO - Fetching team information for team ID 1
2025-10-06 15:36:20,174 - espn_client - INFO - Successfully retrieved team information for Los Angeles Lakers
2025-10-06 15:36:22,876 - espn_client - INFO - Fetching player information for player IDs: 3112335
2025-10-06 15:36:23,222 - espn_client - INFO - Successfully retrieved player information for 1 players
2025-10-06 15:36:23,242 - espn_client - INFO - Fetching player information for player IDs: [3112335, 3945274]
2025-10-06 15:36:23,636 - espn_client - INFO - Successfully retrieved player information for 2 players
2025-10-06 15:36:23,656 - espn_client - INFO - Fetching player information for player IDs: [3112335, 4684740, 4432158, 4397688, 4683021, 4277956, 4066354, 4395712, 4431680, 4351852, 4593125, 4277811, 3448, 3907497, 4066648, 5203685, 6609, 3157465, 4278594, 3136195, 3136193, 4277961, 3149673, 3064440, 4432165, 2595516, 2490149, 4433218, 6589, 5105592, 6442, 3155526, 5061589, 4397020, 5242502, 4278039, 5107173, 4395723, 4594268, 4871145, 4701230, 4566434, 4066457, 4395725, 4432174, 3908845, 4397140, 4683634, 4432639, 3133603, 3064482, 2528426, 3135046, 4397014, 4066421, 4065778, 6477, 4432823, 3032977, 3908809, 4432573, 4437244, 6478, 3147657, 3032976, 4395625, 4278049, 4278067, 4845367, 4873138, 3134907, 3102530, 5243213, 2566769, 5144091, 5093267, 3992, 3202, 4066261, 4066259, 4066328, 3934719, 4701232, 4914336, 4431736, 6440, 3032979, 4431671, 6475, 4600663, 5105637, 4684806, 4066372, 3948153, 4065731, 4576060, 4277905, 4431678, 3917376, 4066320, 3913176, 4433136, 4222252, 4684742, 4433192, 4683688, 5037871, 4711272, 4065733, 4278355, 5106258, 4997528, 4433249, 4277843, 4432166, 1966, 3078576, 6450, 6430, 4433621, 3138196, 4251, 4396971, 6580, 4432170, 2779, 4278053, 4397002, 3195, 6578, 2581018, 4397183, 3945274, 4433255, 4871144, 4066336, 4433287, 3059318, 4066383, 4277813, 3136776, 4683678, 4433247, 4278078, 5104155, 2990984, 2528210, 2991070, 4017844, 3074752, 4348700, 2580782, 3975, 3155942, 5041939, 3133628, 3062679, 3064514, 3995, 4351851, 4594327, 3064290, 5211175, 5061575, 2991350, 2991043, 2990992, 4066211, 4432848, 4277869, 4278073, 4433134, 4432816, 3102531, 4395628, 3134908, 4395724, 4711294, 4395630, 3934673, 5105623, 4683766, 5124612, 4683692, 5238230, 4610139, 3135045, 4066436, 4432194, 5104157, 4593803, 3936299, 4869342, 4395651, 4396907, 4278129, 4431767, 3059319, 2530530, 4709138, 4396909, 3213, 5174563, 4277847, 4684793, 4702177, 4432809, 4712849, 6583, 3934672, 4279888, 4017837, 4278104, 3978, 5160992, 5105565, 4433627, 4066262, 4065732, 4431785, 4397424, 4845374, 5105839, 4065804, 4683778, 3102529, 6585]
2025-10-06 15:36:26,171 - espn_client - INFO - Successfully retrieved player information for 227 players
2025-10-06 15:36:26,224 - espn_client - INFO - Fetching player information for player IDs: [3112335, 4684740, 4432158, 4397688, 4683021, 4277956, 4066354, 4395712, 4431680, 4351852, 4593125, 4277811, 3448, 3907497, 4066648, 5203685, 6609, 3157465, 4278594, 3136195, 3136193, 4277961, 3149673, 3064440, 4432165, 2595516, 2490149, 4433218, 6589, 5105592, 6442, 3155526, 5061589, 4397020, 5242502, 4278039, 5107173, 4395723, 4594268, 4871145, 4701230, 4566434, 4066457, 4395725, 4432174, 3908845, 4397140, 4683634, 4432639, 3133603, 3064482, 2528426, 3135046, 4397014, 4066421, 4065778, 6477, 4432823, 3032977, 3908809, 4432573, 4437244, 6478, 3147657, 3032976, 4395625, 4278049, 4278067, 4845367, 4873138, 3134907, 3102530, 5243213, 2566769, 5144091, 5093267, 3992, 3202, 4066261, 4066259, 4066328, 3934719, 4701232, 4914336, 4431736, 6440, 3032979, 4431671, 6475, 4600663, 5105637, 4684806, 4066372, 3948153, 4065731, 4576060, 4277905, 4431678, 3917376, 4066320, 3913176, 4433136, 4222252, 4684742, 4433192, 4683688, 5037871, 4711272, 4065733, 4278355, 5106258, 4997528, 4433249, 4277843, 4432166, 1966, 3078576, 6450, 6430, 4433621, 3138196, 4251, 4396971, 6580, 4432170, 2779, 4278053, 4397002, 3195, 6578, 2581018, 4397183, 3945274, 4433255, 4871144, 4066336, 4433287, 3059318, 4066383, 4277813, 3136776, 4683678, 4433247, 4278078, 5104155, 2990984, 2528210, 2991070, 4017844, 3074752, 4348700, 2580782, 3975, 3155942, 5041939, 3133628, 3062679, 3064514, 3995, 4351851, 4594327, 3064290, 5211175, 5061575, 2991350, 2991043, 2990992, 4066211, 4432848, 4277869, 4278073, 4433134, 4432816, 3102531, 4395628, 3134908, 4395724, 4711294, 4395630, 3934673, 5105623, 4683766, 5124612, 4683692, 5238230, 4610139, 3135045, 4066436, 4432194, 5104157, 4593803, 3936299, 4869342, 4395651, 4396907, 4278129, 4431767, 3059319, 2530530, 4709138, 4396909, 3213, 5174563, 4277847, 4684793, 4702177, 4432809, 4712849, 6583, 3934672, 4279888, 4017837, 4278104, 3978, 5160992, 5105565, 4433627, 4066262, 4065732, 4431785, 4397424, 4845374, 5105839, 4065804, 4683778, 3102529, 6585]
2025-10-06 15:36:28,754 - espn_client - INFO - Successfully retrieved player information for 227 players
2025-10-06 15:36:45,217 - espn_client - INFO - Initializing ESPNClient
2025-10-06 15:36:45,218 - espn_client - INFO - Connecting to ESPN Fantasy League 9490871 for season 2026
2025-10-06 15:36:46,865 - espn_client - INFO - Successfully initialized ESPNClient
2025-10-06 15:36:49,475 - espn_client - INFO - Initializing ESPNClient
2025-10-06 15:36:49,475 - espn_client - INFO - Connecting to ESPN Fantasy League 9490871 for season 2026
2025-10-06 15:36:51,260 - espn_client - INFO - Successfully initialized ESPNClient
2025-10-06 15:39:25,165 - espn_client - INFO - Initializing ESPNClient
2025-10-06 15:39:25,166 - espn_client - INFO - Connecting to ESPN Fantasy League 9490871 for season 2026
2025-10-06 15:39:27,032 - espn_client - INFO - Successfully initialized ESPNClient
2025-10-06 15:39:32,341 - espn_client - INFO - Initializing ESPNClient
2025-10-06 15:39:32,341 - espn_client - INFO - Connecting to ESPN Fantasy League 9490871 for season 2026
2025-10-06 15:39:34,493 - espn_client - INFO - Successfully initialized ESPNClient
2025-10-06 15:40:13,241 - espn_client - INFO - Initializing ESPNClient
2025-10-06 15:40:13,242 - espn_client - INFO - Connecting to ESPN Fantasy League 9490871 for season 2026
2025-10-06 15:40:15,456 - espn_client - INFO - Successfully initialized ESPNClient
